{
  "uid" : "3c2169f40afe5bc9",
  "name" : " test profile personal_information",
  "fullName" : "test.TestRegister#test_profile_personal_information",
  "historyId" : "4ba46f6dc3de8031d8740d0021fa7f39",
  "time" : {
    "start" : 1632398159346,
    "stop" : 1632398196773,
    "duration" : 37427
  },
  "description" : "Test test profile personal_information",
  "descriptionHtml" : "<p>Test test profile personal_information</p>\n",
  "status" : "broken",
  "statusMessage" : "selenium.common.exceptions.TimeoutException: Message:",
  "statusTrace" : "self = <test.TestRegister object at 0x7ff08a4b4130>\n\n    @allure.title(\" test profile personal_information\")\n    @allure.description(\"Test test profile personal_information\")\n    def test_profile_personal_information(self):\n    \n        self.driver.get(self.base_url)\n        timeout = 30\n        self.close_modal_city()\n        element_present = EC.presence_of_all_elements_located((By.CSS_SELECTOR, 'div.main-slider__slide-wrapper'))\n        WebDriverWait(self.driver, timeout).until(element_present)\n>       self.test_autorization(ifyouwantautorization =1)\n\ntest.py:704: \n_ _ _ _ _ _ _ _ _ _ _ _ _ _ _ _ _ _ _ _ _ _ _ _ _ _ _ _ _ _ _ _ _ _ _ _ _ _ _ _ \ntest.py:199: in test_autorization\n    WebDriverWait(self.driver, 10).until(EC.presence_of_element_located((By.CSS_SELECTOR, \"div.user-panel__wrap\")))\n_ _ _ _ _ _ _ _ _ _ _ _ _ _ _ _ _ _ _ _ _ _ _ _ _ _ _ _ _ _ _ _ _ _ _ _ _ _ _ _ \n\nself = <selenium.webdriver.support.wait.WebDriverWait (session=\"3536cd23-2863-4fc8-a96b-63b9f1b72b21\")>\nmethod = <selenium.webdriver.support.expected_conditions.presence_of_element_located object at 0x7ff088eaac40>\nmessage = ''\n\n    def until(self, method, message=''):\n        \"\"\"Calls the method provided with the driver as an argument until the \\\n        return value is not False.\"\"\"\n        screen = None\n        stacktrace = None\n    \n        end_time = time.time() + self._timeout\n        while True:\n            try:\n                value = method(self._driver)\n                if value:\n                    return value\n            except self._ignored_exceptions as exc:\n                screen = getattr(exc, 'screen', None)\n                stacktrace = getattr(exc, 'stacktrace', None)\n            time.sleep(self._poll)\n            if time.time() > end_time:\n                break\n>       raise TimeoutException(message, screen, stacktrace)\nE       selenium.common.exceptions.TimeoutException: Message:\n\n/usr/local/lib/python3.8/site-packages/selenium/webdriver/support/wait.py:80: TimeoutException",
  "flaky" : false,
  "newFailed" : false,
  "beforeStages" : [ {
    "name" : "xunit_setup_method_fixture_TestRegister",
    "time" : {
      "start" : 1632398147758,
      "stop" : 1632398159346,
      "duration" : 11588
    },
    "status" : "passed",
    "steps" : [ ],
    "attachments" : [ ],
    "parameters" : [ ],
    "stepsCount" : 0,
    "attachmentsCount" : 0,
    "shouldDisplayMessage" : false,
    "hasContent" : false
  }, {
    "name" : "_session_faker",
    "time" : {
      "start" : 1632397549230,
      "stop" : 1632397549249,
      "duration" : 19
    },
    "status" : "passed",
    "steps" : [ ],
    "attachments" : [ ],
    "parameters" : [ ],
    "stepsCount" : 0,
    "attachmentsCount" : 0,
    "shouldDisplayMessage" : false,
    "hasContent" : false
  } ],
  "afterStages" : [ {
    "name" : "xunit_setup_method_fixture_TestRegister::0",
    "time" : {
      "start" : 1632398196861,
      "stop" : 1632398197280,
      "duration" : 419
    },
    "status" : "passed",
    "steps" : [ ],
    "attachments" : [ ],
    "parameters" : [ ],
    "stepsCount" : 0,
    "attachmentsCount" : 0,
    "shouldDisplayMessage" : false,
    "hasContent" : false
  } ],
  "labels" : [ {
    "name" : "suite",
    "value" : "test"
  }, {
    "name" : "subSuite",
    "value" : "TestRegister"
  }, {
    "name" : "host",
    "value" : "9d2fc9ee43bb"
  }, {
    "name" : "thread",
    "value" : "13-MainThread"
  }, {
    "name" : "framework",
    "value" : "pytest"
  }, {
    "name" : "language",
    "value" : "cpython3"
  }, {
    "name" : "package",
    "value" : "test"
  }, {
    "name" : "resultFormat",
    "value" : "allure2"
  } ],
  "parameters" : [ ],
  "links" : [ ],
  "hidden" : false,
  "retry" : false,
  "extra" : {
    "severity" : "normal",
    "retries" : [ ],
    "categories" : [ {
      "name" : "Test defects",
      "matchedStatuses" : [ ],
      "flaky" : false
    } ],
    "history" : {
      "statistic" : {
        "failed" : 0,
        "broken" : 1,
        "skipped" : 0,
        "passed" : 4,
        "unknown" : 0,
        "total" : 5
      },
      "items" : [ {
        "uid" : "535f9056bf057b4",
        "reportUrl" : "http://localhost:8080/job/uitest/4/allure/#testresult/535f9056bf057b4",
        "status" : "passed",
        "time" : {
          "start" : 1631886149100,
          "stop" : 1631886170283,
          "duration" : 21183
        }
      }, {
        "uid" : "1b280e8fa04e838",
        "reportUrl" : "http://localhost:8080/job/uitest/3/allure/#testresult/1b280e8fa04e838",
        "status" : "passed",
        "time" : {
          "start" : 1631881534167,
          "stop" : 1631881551096,
          "duration" : 16929
        }
      }, {
        "uid" : "209c0f9d290a8f6c",
        "reportUrl" : "http://localhost:8080/job/uitest/2/allure/#testresult/209c0f9d290a8f6c",
        "status" : "passed",
        "time" : {
          "start" : 1631875675810,
          "stop" : 1631875694968,
          "duration" : 19158
        }
      }, {
        "uid" : "f132bdc7c6d83888",
        "reportUrl" : "http://localhost:8080/job/uitest/1/allure/#testresult/f132bdc7c6d83888",
        "status" : "passed",
        "time" : {
          "start" : 1631873437952,
          "stop" : 1631873460086,
          "duration" : 22134
        }
      } ]
    },
    "tags" : [ ]
  },
  "source" : "3c2169f40afe5bc9.json",
  "parameterValues" : [ ]
}