{
  "uid" : "93f328b216acf01a",
  "name" : "Sravnenie",
  "fullName" : "test.TestRegister#test_dell_sravnenie",
  "historyId" : "af95dd0b3a303463dd9cc618374f823b",
  "time" : {
    "start" : 1632398565590,
    "stop" : 1632398593238,
    "duration" : 27648
  },
  "description" : "Проверка удаления из сравнения",
  "descriptionHtml" : "<p>Проверка удаления из сравнения</p>\n",
  "status" : "failed",
  "statusMessage" : "AssertionError: Удаление товара из сравнения не работает\nassert 7 == 9",
  "statusTrace" : "self = <test.TestRegister object at 0x7ff08a2ea160>\n\n    @allure.title(\"Sravnenie\")\n    @allure.description(\"Проверка удаления из сравнения\")\n    def test_dell_sravnenie(self):\n    \n        self.driver.get(self.base_url)\n        timeout = 30\n        self.close_modal_city()\n        element_present = EC.presence_of_all_elements_located((By.CSS_SELECTOR, 'div.main-slider__slide-wrapper'))\n        WebDriverWait(self.driver, timeout).until(element_present)\n        new_catalog = self.new_catalog\n        t = 0\n        z = 0\n        for link in self.new_catalog:\n    \n            self.driver.get(link)\n            products = WebDriverWait(self.driver, 10).until(EC.presence_of_all_elements_located((By.CSS_SELECTOR, \"div.product-card\")))\n    \n            for i in range(len(new_catalog)):\n                section = self.randoms(products,z)\n                #section = random.randint(1, len(products) - 1)\n                self.driver.execute_script(\"arguments[0].scrollIntoView();\",\n                                           products[section])\n                t = t + 1\n                button = products[section].find_element_by_css_selector(\".js-tool-product-cart__content-wrapper\")  #добавить проверку появления нижнего слайдера\n                button.click()\n                added_to_comparison =  WebDriverWait(self.driver, 10).until(EC.presence_of_element_located((By.CSS_SELECTOR,\"div.p.p_fz11.p_tac\")))\n    \n    \n        button_for_basket =  WebDriverWait(self.driver, 10).until(EC.presence_of_element_located((By.CSS_SELECTOR,\"div.tippy-content > div > a\")))\n    \n        button_for_basket.click()\n    \n        srav_chek = WebDriverWait(self.driver, 10).until(EC.presence_of_all_elements_located((By.CSS_SELECTOR, \".tabs-row__tab\")))\n        check = 0\n        for one_chek in srav_chek:\n            nubmer_tovarov = one_chek.find_element_by_class_name(\"tabs-row__sup\").text\n            check = check + int(nubmer_tovarov)\n        SearchButton = self.driver.find_element_by_css_selector(\"div.product-card-compare__photo-wrapper.product-card-compare__photo-wrapper_zoom\")\n        s = self.driver.find_element_by_css_selector(\"div.product-card-compare__photo-icons >a\")\n        action = ActionChains(self.driver)\n        if action.move_to_element(SearchButton).move_to_element(s).click().perform() :\n            t = t -1\n>       assert check == t ,\"Удаление товара из сравнения не работает\"\nE       AssertionError: Удаление товара из сравнения не работает\nE       assert 7 == 9\n\ntest.py:1074: AssertionError",
  "flaky" : false,
  "newFailed" : false,
  "beforeStages" : [ {
    "name" : "xunit_setup_method_fixture_TestRegister",
    "time" : {
      "start" : 1632398556567,
      "stop" : 1632398565590,
      "duration" : 9023
    },
    "status" : "passed",
    "steps" : [ ],
    "attachments" : [ ],
    "parameters" : [ ],
    "stepsCount" : 0,
    "attachmentsCount" : 0,
    "shouldDisplayMessage" : false,
    "hasContent" : false
  }, {
    "name" : "_session_faker",
    "time" : {
      "start" : 1632397549230,
      "stop" : 1632397549249,
      "duration" : 19
    },
    "status" : "passed",
    "steps" : [ ],
    "attachments" : [ ],
    "parameters" : [ ],
    "stepsCount" : 0,
    "attachmentsCount" : 0,
    "shouldDisplayMessage" : false,
    "hasContent" : false
  } ],
  "afterStages" : [ {
    "name" : "xunit_setup_method_fixture_TestRegister::0",
    "time" : {
      "start" : 1632398593290,
      "stop" : 1632398593788,
      "duration" : 498
    },
    "status" : "passed",
    "steps" : [ ],
    "attachments" : [ ],
    "parameters" : [ ],
    "stepsCount" : 0,
    "attachmentsCount" : 0,
    "shouldDisplayMessage" : false,
    "hasContent" : false
  } ],
  "labels" : [ {
    "name" : "suite",
    "value" : "test"
  }, {
    "name" : "subSuite",
    "value" : "TestRegister"
  }, {
    "name" : "host",
    "value" : "9d2fc9ee43bb"
  }, {
    "name" : "thread",
    "value" : "13-MainThread"
  }, {
    "name" : "framework",
    "value" : "pytest"
  }, {
    "name" : "language",
    "value" : "cpython3"
  }, {
    "name" : "package",
    "value" : "test"
  }, {
    "name" : "resultFormat",
    "value" : "allure2"
  } ],
  "parameters" : [ ],
  "links" : [ ],
  "hidden" : false,
  "retry" : false,
  "extra" : {
    "severity" : "normal",
    "retries" : [ ],
    "categories" : [ {
      "name" : "Product defects",
      "matchedStatuses" : [ ],
      "flaky" : false
    } ],
    "tags" : [ ]
  },
  "source" : "93f328b216acf01a.json",
  "parameterValues" : [ ]
}