{"name": "Проверка отображения информации наличия товара", "status": "broken", "statusDetails": {"message": "selenium.common.exceptions.NoSuchElementException: Message: Unable to locate element: span.cart-item__available", "trace": "self = <test.TestRegister object at 0x7ff088d50bb0>\n\n    @allure.title(\"Проверка отображения информации наличия товара\")\n    @allure.description(\"Проверка отображения информации наличия товара\")\n    def test_info_in_busket(self):\n        self.driver.get(self.base_url)\n        timeout = 30\n        self.close_modal_city()\n        element_present = EC.presence_of_all_elements_located((By.CSS_SELECTOR, 'div.main-slider__slide-wrapper'))\n        WebDriverWait(self.driver, timeout).until(element_present)\n        new_catalog = self.new_catalog\n        t = 0\n        for link in self.new_catalog:\n    \n                self.driver.get(link)\n                products = WebDriverWait(self.driver, 10).until(EC.presence_of_all_elements_located((By.CSS_SELECTOR, \"div.product-card\")))\n    \n                for i in range(len(new_catalog)):\n                    t = t + 1\n                    #section = list(range(0, len(products) - 1))\n                    #section = random.randint(1, len(products) - 1)\n                    self.driver.execute_script(\"arguments[0].scrollIntoView();\",\n                                               products[t])\n    \n                    button = products[t].find_element_by_css_selector(\".bem-icon-link_to-cart\")  #добавить проверку появления нижнего слайдера\n                    button.click()\n    \n                    added_to_basket = WebDriverWait(self.driver, 20).until(lambda _: button.text == \"В корзине\")\n        self.driver.find_element_by_css_selector(\"#show-cart a\").click()\n    \n        all_add_to_basket_chek = WebDriverWait(self.driver, 10).until(EC.presence_of_all_elements_located((By.CSS_SELECTOR, \"div.cart-item\")))\n        check = []\n    \n        for add_to_basket_chek in all_add_to_basket_chek:\n    \n>           if not len(add_to_basket_chek.find_element_by_css_selector(\"span.cart-item__available\").text):\n\ntest.py:915: \n_ _ _ _ _ _ _ _ _ _ _ _ _ _ _ _ _ _ _ _ _ _ _ _ _ _ _ _ _ _ _ _ _ _ _ _ _ _ _ _ \n/usr/local/lib/python3.8/site-packages/selenium/webdriver/remote/webelement.py:430: in find_element_by_css_selector\n    return self.find_element(by=By.CSS_SELECTOR, value=css_selector)\n/usr/local/lib/python3.8/site-packages/selenium/webdriver/remote/webelement.py:653: in find_element\n    return self._execute(Command.FIND_CHILD_ELEMENT,\n/usr/local/lib/python3.8/site-packages/selenium/webdriver/remote/webelement.py:628: in _execute\n    return self._parent.execute(command, params)\n/usr/local/lib/python3.8/site-packages/selenium/webdriver/remote/webdriver.py:320: in execute\n    self.error_handler.check_response(response)\n_ _ _ _ _ _ _ _ _ _ _ _ _ _ _ _ _ _ _ _ _ _ _ _ _ _ _ _ _ _ _ _ _ _ _ _ _ _ _ _ \n\nself = <selenium.webdriver.remote.errorhandler.ErrorHandler object at 0x7ff0897c9250>\nresponse = {'status': 404, 'value': '{\"value\":{\"error\":\"no such element\",\"message\":\"Unable to locate element: span.cart-item__ava...ntent/shared/webdriver/Errors.jsm:393:5\\\\nelement.find/</<@chrome://remote/content/marionette/element.js:305:16\\\\n\"}}'}\n\n    def check_response(self, response):\n        \"\"\"\n        Checks that a JSON response from the WebDriver does not have an error.\n    \n        :Args:\n         - response - The JSON response from the WebDriver server as a dictionary\n           object.\n    \n        :Raises: If the response contains an error message.\n        \"\"\"\n        status = response.get('status', None)\n        if status is None or status == ErrorCode.SUCCESS:\n            return\n        value = None\n        message = response.get(\"message\", \"\")\n        screen = response.get(\"screen\", \"\")\n        stacktrace = None\n        if isinstance(status, int):\n            value_json = response.get('value', None)\n            if value_json and isinstance(value_json, basestring):\n                import json\n                try:\n                    value = json.loads(value_json)\n                    if len(value.keys()) == 1:\n                        value = value['value']\n                    status = value.get('error', None)\n                    if status is None:\n                        status = value[\"status\"]\n                        message = value[\"value\"]\n                        if not isinstance(message, basestring):\n                            value = message\n                            message = message.get('message')\n                    else:\n                        message = value.get('message', None)\n                except ValueError:\n                    pass\n    \n        exception_class = ErrorInResponseException\n        if status in ErrorCode.NO_SUCH_ELEMENT:\n            exception_class = NoSuchElementException\n        elif status in ErrorCode.NO_SUCH_FRAME:\n            exception_class = NoSuchFrameException\n        elif status in ErrorCode.NO_SUCH_WINDOW:\n            exception_class = NoSuchWindowException\n        elif status in ErrorCode.STALE_ELEMENT_REFERENCE:\n            exception_class = StaleElementReferenceException\n        elif status in ErrorCode.ELEMENT_NOT_VISIBLE:\n            exception_class = ElementNotVisibleException\n        elif status in ErrorCode.INVALID_ELEMENT_STATE:\n            exception_class = InvalidElementStateException\n        elif status in ErrorCode.INVALID_SELECTOR \\\n                or status in ErrorCode.INVALID_XPATH_SELECTOR \\\n                or status in ErrorCode.INVALID_XPATH_SELECTOR_RETURN_TYPER:\n            exception_class = InvalidSelectorException\n        elif status in ErrorCode.ELEMENT_IS_NOT_SELECTABLE:\n            exception_class = ElementNotSelectableException\n        elif status in ErrorCode.ELEMENT_NOT_INTERACTABLE:\n            exception_class = ElementNotInteractableException\n        elif status in ErrorCode.INVALID_COOKIE_DOMAIN:\n            exception_class = InvalidCookieDomainException\n        elif status in ErrorCode.UNABLE_TO_SET_COOKIE:\n            exception_class = UnableToSetCookieException\n        elif status in ErrorCode.TIMEOUT:\n            exception_class = TimeoutException\n        elif status in ErrorCode.SCRIPT_TIMEOUT:\n            exception_class = TimeoutException\n        elif status in ErrorCode.UNKNOWN_ERROR:\n            exception_class = WebDriverException\n        elif status in ErrorCode.UNEXPECTED_ALERT_OPEN:\n            exception_class = UnexpectedAlertPresentException\n        elif status in ErrorCode.NO_ALERT_OPEN:\n            exception_class = NoAlertPresentException\n        elif status in ErrorCode.IME_NOT_AVAILABLE:\n            exception_class = ImeNotAvailableException\n        elif status in ErrorCode.IME_ENGINE_ACTIVATION_FAILED:\n            exception_class = ImeActivationFailedException\n        elif status in ErrorCode.MOVE_TARGET_OUT_OF_BOUNDS:\n            exception_class = MoveTargetOutOfBoundsException\n        elif status in ErrorCode.JAVASCRIPT_ERROR:\n            exception_class = JavascriptException\n        elif status in ErrorCode.SESSION_NOT_CREATED:\n            exception_class = SessionNotCreatedException\n        elif status in ErrorCode.INVALID_ARGUMENT:\n            exception_class = InvalidArgumentException\n        elif status in ErrorCode.NO_SUCH_COOKIE:\n            exception_class = NoSuchCookieException\n        elif status in ErrorCode.UNABLE_TO_CAPTURE_SCREEN:\n            exception_class = ScreenshotException\n        elif status in ErrorCode.ELEMENT_CLICK_INTERCEPTED:\n            exception_class = ElementClickInterceptedException\n        elif status in ErrorCode.INSECURE_CERTIFICATE:\n            exception_class = InsecureCertificateException\n        elif status in ErrorCode.INVALID_COORDINATES:\n            exception_class = InvalidCoordinatesException\n        elif status in ErrorCode.INVALID_SESSION_ID:\n            exception_class = InvalidSessionIdException\n        elif status in ErrorCode.UNKNOWN_METHOD:\n            exception_class = UnknownMethodException\n        else:\n            exception_class = WebDriverException\n        if value == '' or value is None:\n            value = response['value']\n        if isinstance(value, basestring):\n            if exception_class == ErrorInResponseException:\n                raise exception_class(response, value)\n            raise exception_class(value)\n        if message == \"\" and 'message' in value:\n            message = value['message']\n    \n        screen = None\n        if 'screen' in value:\n            screen = value['screen']\n    \n        stacktrace = None\n        if 'stackTrace' in value and value['stackTrace']:\n            stacktrace = []\n            try:\n                for frame in value['stackTrace']:\n                    line = self._value_or_default(frame, 'lineNumber', '')\n                    file = self._value_or_default(frame, 'fileName', '<anonymous>')\n                    if line:\n                        file = \"%s:%s\" % (file, line)\n                    meth = self._value_or_default(frame, 'methodName', '<anonymous>')\n                    if 'className' in frame:\n                        meth = \"%s.%s\" % (frame['className'], meth)\n                    msg = \"    at %s (%s)\"\n                    msg = msg % (meth, file)\n                    stacktrace.append(msg)\n            except TypeError:\n                pass\n        if exception_class == ErrorInResponseException:\n            raise exception_class(response, message)\n        elif exception_class == UnexpectedAlertPresentException:\n            alert_text = None\n            if 'data' in value:\n                alert_text = value['data'].get('text')\n            elif 'alert' in value:\n                alert_text = value['alert'].get('text')\n            raise exception_class(message, screen, stacktrace, alert_text)\n>       raise exception_class(message, screen, stacktrace)\nE       selenium.common.exceptions.NoSuchElementException: Message: Unable to locate element: span.cart-item__available\n\n/usr/local/lib/python3.8/site-packages/selenium/webdriver/remote/errorhandler.py:242: NoSuchElementException"}, "description": "Проверка отображения информации наличия товара", "start": 1632398411189, "stop": 1632398442573, "uuid": "2ddd7960-1910-4e68-a898-44b9988ad0f1", "historyId": "98c55c528dc5f8f288127f64dc8eab64", "testCaseId": "71fb618b3ba4ca43f57ba69689d9f2a7", "fullName": "test.TestRegister#test_info_in_busket", "labels": [{"name": "suite", "value": "test"}, {"name": "subSuite", "value": "TestRegister"}, {"name": "host", "value": "9d2fc9ee43bb"}, {"name": "thread", "value": "13-MainThread"}, {"name": "framework", "value": "pytest"}, {"name": "language", "value": "cpython3"}, {"name": "package", "value": "test"}]}