{"name": " test profile Order list", "status": "broken", "statusDetails": {"message": "selenium.common.exceptions.TimeoutException: Message:", "trace": "self = <test.TestRegister object at 0x7ff08842ecd0>\n\n    @allure.title(\" test profile Order list\")\n    @allure.description(\"Test test profile Order list\")\n    def test_profile_order_list(self):\n    \n        self.driver.get(self.base_url)\n        timeout = 30\n        self.close_modal_city()\n        element_present = EC.presence_of_all_elements_located((By.CSS_SELECTOR, 'div.main-slider__slide-wrapper'))\n        WebDriverWait(self.driver, timeout).until(element_present)\n>       self.test_autorization(ifyouwantautorization =1)\n\ntest.py:680: \n_ _ _ _ _ _ _ _ _ _ _ _ _ _ _ _ _ _ _ _ _ _ _ _ _ _ _ _ _ _ _ _ _ _ _ _ _ _ _ _ \ntest.py:199: in test_autorization\n    WebDriverWait(self.driver, 10).until(EC.presence_of_element_located((By.CSS_SELECTOR, \"div.user-panel__wrap\")))\n_ _ _ _ _ _ _ _ _ _ _ _ _ _ _ _ _ _ _ _ _ _ _ _ _ _ _ _ _ _ _ _ _ _ _ _ _ _ _ _ \n\nself = <selenium.webdriver.support.wait.WebDriverWait (session=\"f3de15ff-0545-4e41-9ab2-7ef4c9ca456f\")>\nmethod = <selenium.webdriver.support.expected_conditions.presence_of_element_located object at 0x7ff08a4aafd0>\nmessage = ''\n\n    def until(self, method, message=''):\n        \"\"\"Calls the method provided with the driver as an argument until the \\\n        return value is not False.\"\"\"\n        screen = None\n        stacktrace = None\n    \n        end_time = time.time() + self._timeout\n        while True:\n            try:\n                value = method(self._driver)\n                if value:\n                    return value\n            except self._ignored_exceptions as exc:\n                screen = getattr(exc, 'screen', None)\n                stacktrace = getattr(exc, 'stacktrace', None)\n            time.sleep(self._poll)\n            if time.time() > end_time:\n                break\n>       raise TimeoutException(message, screen, stacktrace)\nE       selenium.common.exceptions.TimeoutException: Message:\n\n/usr/local/lib/python3.8/site-packages/selenium/webdriver/support/wait.py:80: TimeoutException"}, "description": "Test test profile Order list", "start": 1632398121858, "stop": 1632398147170, "uuid": "54ed9100-b7fc-42ca-8252-874900a4201e", "historyId": "6fa085f4b83852de07d163714921b53d", "testCaseId": "a2d8df4b6c1f1ff2c3b8fccc8e389d47", "fullName": "test.TestRegister#test_profile_order_list", "labels": [{"name": "suite", "value": "test"}, {"name": "subSuite", "value": "TestRegister"}, {"name": "host", "value": "9d2fc9ee43bb"}, {"name": "thread", "value": "13-MainThread"}, {"name": "framework", "value": "pytest"}, {"name": "language", "value": "cpython3"}, {"name": "package", "value": "test"}]}